#
# A fatal error has been detected by the Java Runtime Environment:
#
#  EXCEPTION_ACCESS_VIOLATION (0xc0000005) at pc=0x7789ea5c, pid=8636, tid=0x00000c6c
#
# JRE version: Java(TM) SE Runtime Environment (8.0_111-b14) (build 1.8.0_111-b14)
# Java VM: Java HotSpot(TM) Client VM (25.111-b14 mixed mode windows-x86 )
# Problematic frame:
# C  [ntdll.dll+0x6ea5c]
#
# Failed to write core dump. Minidumps are not enabled by default on client versions of Windows
#
# If you would like to submit a bug report, please visit:
#   http://bugreport.java.com/bugreport/crash.jsp
# The crash happened outside the Java Virtual Machine in native code.
# See problematic frame for where to report the bug.
#

---------------  T H R E A D  ---------------

Current thread (0x2578c800):  JavaThread "EventThread COM4" [_thread_in_native, id=3180, stack(0x270f0000,0x27140000)]

siginfo: ExceptionCode=0xc0000005, reading address 0x000014e0

Registers:
EAX=0x00000000, EBX=0x000000fe, ECX=0x00000000, EDX=0x00000000
ESP=0x2713f720, EBP=0x2713f768, ESI=0x00000000, EDI=0x0102e52c
EIP=0x7789ea5c, EFLAGS=0x00000212

Top of Stack: (sp=0x2713f720)
0x2713f720:   7562b5fc 2713f744 001f0003 00000000
0x2713f730:   00000000 e99ca300 2578c940 5f4a73f4
0x2713f740:   00000000 2578c800 2713f7a8 5f575948
0x2713f750:   2578c800 00000006 00000004 0102e52c
0x2713f760:   12a0f2f8 2578c940 2713f790 7562b564
0x2713f770:   00000000 00000000 00000001 001f0003
0x2713f780:   0102e52c 12a0f2f8 00000000 00000000
0x2713f790:   2713f7a8 7562b524 00000000 00000000 

Instructions: (pc=0x7789ea5c)
0x7789ea3c:   c3 8d 49 00 b8 47 00 0a 00 ba f0 2c 8b 77 ff d2
0x7789ea4c:   c2 0c 00 90 b8 48 00 00 00 ba f0 2c 8b 77 ff d2
0x7789ea5c:   c2 14 00 90 b8 49 00 00 00 ba f0 2c 8b 77 ff d2
0x7789ea6c:   c2 14 00 90 b8 4a 00 00 00 ba f0 2c 8b 77 ff d2 


Register to memory mapping:

EAX=0x00000000 is an unknown value
EBX=0x000000fe is an unknown value
ECX=0x00000000 is an unknown value
EDX=0x00000000 is an unknown value
ESP=0x2713f720 is pointing into the stack for thread: 0x2578c800
EBP=0x2713f768 is pointing into the stack for thread: 0x2578c800
ESI=0x00000000 is an unknown value
EDI=0x0102e52c is an unknown value


Stack: [0x270f0000,0x27140000],  sp=0x2713f720,  free space=317k
Native frames: (J=compiled Java code, j=interpreted, Vv=VM code, C=native code)
C  [ntdll.dll+0x6ea5c]
C  [KERNELBASE.dll+0xcb564]
C  [KERNELBASE.dll+0xcb524]
C  [jSSC-2.8_x86.dll+0x1b28]
J 8235 C1 jssc.SerialPort$EventThread.run()V (84 bytes) @ 0x02d045c0 [0x02d04570+0x50]
v  ~StubRoutines::call_stub
V  [jvm.dll+0x15a895]
V  [jvm.dll+0x220bfe]
V  [jvm.dll+0x15a92e]
V  [jvm.dll+0x15aab6]
V  [jvm.dll+0x15ab27]
V  [jvm.dll+0xfef8f]
V  [jvm.dll+0x17d6f0]
V  [jvm.dll+0x17df6a]
V  [jvm.dll+0x1c29c6]
C  [msvcr100.dll+0x5c556]
C  [msvcr100.dll+0x5c600]
C  [KERNEL32.DLL+0x162c4]
C  [ntdll.dll+0x60fd9]
C  [ntdll.dll+0x60fa4]
C  0x00000000

Java frames: (J=compiled Java code, j=interpreted, Vv=VM code)
J 7853  jssc.SerialNativeInterface.waitEvents(J)[[I (0 bytes) @ 0x02de875d [0x02de8710+0x4d]
J 8235 C1 jssc.SerialPort$EventThread.run()V (84 bytes) @ 0x02d045c0 [0x02d04570+0x50]
v  ~StubRoutines::call_stub

---------------  P R O C E S S  ---------------

Java Threads: ( => current thread )
=>0x2578c800 JavaThread "EventThread COM4" [_thread_in_native, id=3180, stack(0x270f0000,0x27140000)]
  0x2856dc00 JavaThread "JmDNS(serbuh.local.).Timer" daemon [_thread_blocked, id=15712, stack(0x2a830000,0x2a880000)]
  0x28572800 JavaThread "JmDNS(serbuh.local.).State.Timer" [_thread_blocked, id=15948, stack(0x2a7a0000,0x2a7f0000)]
  0x28572400 JavaThread "JmDNS(serbuh.local.).Timer" daemon [_thread_blocked, id=15732, stack(0x2a710000,0x2a760000)]
  0x28571c00 JavaThread "SocketListener(serbuh.local.)" daemon [_thread_in_native, id=9920, stack(0x2a680000,0x2a6d0000)]
  0x28571800 JavaThread "JmDNS(serbuh.local.).Timer" daemon [_thread_blocked, id=1740, stack(0x2a5f0000,0x2a640000)]
  0x28571000 JavaThread "JmDNS(serbuh.local.).State.Timer" [_thread_blocked, id=7172, stack(0x2a560000,0x2a5b0000)]
  0x28574800 JavaThread "JmDNS(serbuh.local.).Timer" daemon [_thread_blocked, id=7092, stack(0x2a4d0000,0x2a520000)]
  0x2856fc00 JavaThread "SocketListener(serbuh.local.)" daemon [_thread_in_native, id=6372, stack(0x02930000,0x02980000)]
  0x28570800 JavaThread "JmDNS(serbuh.local.).Timer" daemon [_thread_blocked, id=13804, stack(0x2a440000,0x2a490000)]
  0x2856f800 JavaThread "JmDNS(serbuh.local.).State.Timer" [_thread_blocked, id=9016, stack(0x2a3b0000,0x2a400000)]
  0x2856ec00 JavaThread "JmDNS(serbuh.local.).Timer" daemon [_thread_blocked, id=1672, stack(0x29940000,0x29990000)]
  0x28574400 JavaThread "SocketListener(serbuh.local.)" daemon [_thread_in_native, id=2056, stack(0x29470000,0x294c0000)]
  0x28575000 JavaThread "JmDNS(serbuh.local.).Timer" daemon [_thread_blocked, id=16092, stack(0x2a320000,0x2a370000)]
  0x28573c00 JavaThread "JmDNS(serbuh.local.).State.Timer" [_thread_blocked, id=9672, stack(0x2a100000,0x2a150000)]
  0x2856f000 JavaThread "JmDNS(serbuh.local.).Timer" daemon [_thread_blocked, id=12500, stack(0x27ee0000,0x27f30000)]
  0x2856e400 JavaThread "SocketListener(serbuh.local.)" daemon [_thread_in_native, id=10292, stack(0x27da0000,0x27df0000)]
  0x28570400 JavaThread "DestroyJavaVM" [_thread_blocked, id=15904, stack(0x02a10000,0x02a60000)]
  0x2578d000 JavaThread "TimerQueue" daemon [_thread_blocked, id=16288, stack(0x2a070000,0x2a0c0000)]
  0x2578e800 JavaThread "JmDNS(192-168-21-177.local.).State.Timer" [_thread_blocked, id=13508, stack(0x29620000,0x29670000)]
  0x2578dc00 JavaThread "SocketListener(192-168-21-177.local.)" daemon [_thread_in_native, id=13100, stack(0x29500000,0x29550000)]
  0x2578d400 JavaThread "Batik CleanerThread" daemon [_thread_blocked, id=11888, stack(0x291d0000,0x29220000)]
  0x2578f400 JavaThread "JmDNS(fe80:0:0:0:ace9:8939:a432:89f1%wlan4.local.).Timer" daemon [_thread_blocked, id=15060, stack(0x29100000,0x29150000)]
  0x2578e400 JavaThread "JmDNS(fe80:0:0:0:ace9:8939:a432:89f1%wlan4.local.).State.Timer" [_thread_blocked, id=9620, stack(0x29070000,0x290c0000)]
  0x282d0000 JavaThread "JmDNS(fe80:0:0:0:ace9:8939:a432:89f1%wlan4.local.).Timer" daemon [_thread_blocked, id=15080, stack(0x28fe0000,0x29030000)]
  0x28324c00 JavaThread "SocketListener(fe80:0:0:0:ace9:8939:a432:89f1%wlan4.local.)" daemon [_thread_in_native, id=15952, stack(0x28f50000,0x28fa0000)]
  0x282e6800 JavaThread "AWT-EventQueue-0" [_thread_blocked, id=4424, stack(0x28ec0000,0x28f10000)]
  0x282d3800 JavaThread "AWT-Shutdown" [_thread_blocked, id=15180, stack(0x26440000,0x26490000)]
  0x282a4c00 JavaThread "cc.arduino.packages.discoverers.network.BoardReachabilityFilter" [_thread_blocked, id=952, stack(0x28c10000,0x28c60000)]
  0x28287c00 JavaThread "cc.arduino.packages.discoverers.network.NetworkChecker" [_thread_blocked, id=11884, stack(0x28b80000,0x28bd0000)]
  0x28287400 JavaThread "cc.arduino.packages.discoverers.serial.SerialBoardsLister" [_thread_blocked, id=9696, stack(0x27e50000,0x27ea0000)]
  0x2605d400 JavaThread "AWT-Windows" daemon [_thread_in_native, id=12328, stack(0x264d0000,0x26520000)]
  0x2605c400 JavaThread "Java2D Disposer" daemon [_thread_blocked, id=8976, stack(0x263b0000,0x26400000)]
  0x25706400 JavaThread "Service Thread" daemon [_thread_blocked, id=15344, stack(0x25c40000,0x25c90000)]
  0x2570c800 JavaThread "C1 CompilerThread0" daemon [_thread_blocked, id=15600, stack(0x25bb0000,0x25c00000)]
  0x2570bc00 JavaThread "Attach Listener" daemon [_thread_blocked, id=9240, stack(0x25b20000,0x25b70000)]
  0x25708000 JavaThread "Signal Dispatcher" daemon [_thread_blocked, id=1328, stack(0x252a0000,0x252f0000)]
  0x256ea000 JavaThread "Finalizer" daemon [_thread_blocked, id=12320, stack(0x259a0000,0x259f0000)]
  0x256d4400 JavaThread "Reference Handler" daemon [_thread_blocked, id=7644, stack(0x25910000,0x25960000)]

Other Threads:
  0x0292d400 VMThread [stack: 0x25680000,0x256d0000] [id=11408]
  0x2572f400 WatcherThread [stack: 0x25d70000,0x25dc0000] [id=14496]

VM state:not at safepoint (normal execution)

VM Mutex/Monitor currently owned by a thread: None

Heap:
 def new generation   total 39424K, used 33160K [0x04e00000, 0x078c0000, 0x0f8a0000)
  eden space 35072K,  94% used [0x04e00000, 0x06e53268, 0x07040000)
  from space 4352K,   1% used [0x07040000, 0x0704eec0, 0x07480000)
  to   space 4352K,   0% used [0x07480000, 0x07480000, 0x078c0000)
 tenured generation   total 87424K, used 52673K [0x0f8a0000, 0x14e00000, 0x24e00000)
   the space 87424K,  60% used [0x0f8a0000, 0x12c107a0, 0x12c10800, 0x14e00000)
 Metaspace       used 19357K, capacity 19824K, committed 19840K, reserved 19840K

Card table byte_map: [0x04c40000,0x04d50000] byte_map_base: 0x04c19000

Polling page: 0x01010000

CodeCache: size=32768Kb used=1800Kb max_used=4043Kb free=30967Kb
 bounds [0x02c40000, 0x03038000, 0x04c40000]
 total_blobs=1107 nmethods=831 adapters=205
 compilation: enabled

Compilation events (10 events):
Event: 4421.291 Thread 0x2570c800 10068             java.util.PriorityQueue::poll (64 bytes)
Event: 4421.291 Thread 0x2570c800 nmethod 10068 0x02ffb588 code [0x02ffb6a0, 0x02ffb7e8]
Event: 4421.291 Thread 0x2570c800 10069             java.util.PriorityQueue::siftDown (23 bytes)
Event: 4421.291 Thread 0x2570c800 nmethod 10069 0x02d661c8 code [0x02d662d0, 0x02d66398]
Event: 4446.537 Thread 0x2570c800 10070  s          javax.jmdns.impl.DNSCache::getDNSEntry (90 bytes)
Event: 4446.538 Thread 0x2570c800 nmethod 10070 0x02f03488 code [0x02f035f0, 0x02f0397c]
Event: 4458.291 Thread 0x2570c800 10071             javax.jmdns.impl.DNSEntry::isDomainDiscoveryQuery (92 bytes)
Event: 4458.291 Thread 0x2570c800 nmethod 10071 0x02fcae88 code [0x02fcb000, 0x02fcb220]
Event: 7898.734 Thread 0x2570c800 10072             javax.jmdns.impl.DNSRecord::equals (32 bytes)
Event: 7898.735 Thread 0x2570c800 nmethod 10072 0x02fc9b48 code [0x02fc9c60, 0x02fc9da8]

GC Heap History (10 events):
Event: 4445.663 GC heap before
{Heap before GC invocations=452 (full 1):
 def new generation   total 39424K, used 35150K [0x04e00000, 0x078c0000, 0x0f8a0000)
  eden space 35072K, 100% used [0x04e00000, 0x07040000, 0x07040000)
  from space 4352K,   1% used [0x07480000, 0x07493ba0, 0x078c0000)
  to   space 4352K,   0% used [0x07040000, 0x07040000, 0x07480000)
 tenured generation   total 87424K, used 52648K [0x0f8a0000, 0x14e00000, 0x24e00000)
   the space 87424K,  60% used [0x0f8a0000, 0x12c0a178, 0x12c0a200, 0x14e00000)
 Metaspace       used 19345K, capacity 19821K, committed 19840K, reserved 19840K
Event: 4445.665 GC heap after
Heap after GC invocations=453 (full 1):
 def new generation   total 39424K, used 72K [0x04e00000, 0x078c0000, 0x0f8a0000)
  eden space 35072K,   0% used [0x04e00000, 0x04e00000, 0x07040000)
  from space 4352K,   1% used [0x07040000, 0x070523f0, 0x07480000)
  to   space 4352K,   0% used [0x07480000, 0x07480000, 0x078c0000)
 tenured generation   total 87424K, used 52652K [0x0f8a0000, 0x14e00000, 0x24e00000)
   the space 87424K,  60% used [0x0f8a0000, 0x12c0b150, 0x12c0b200, 0x14e00000)
 Metaspace       used 19345K, capacity 19821K, committed 19840K, reserved 19840K
}
Event: 4449.251 GC heap before
{Heap before GC invocations=453 (full 1):
 def new generation   total 39424K, used 35144K [0x04e00000, 0x078c0000, 0x0f8a0000)
  eden space 35072K, 100% used [0x04e00000, 0x07040000, 0x07040000)
  from space 4352K,   1% used [0x07040000, 0x070523f0, 0x07480000)
  to   space 4352K,   0% used [0x07480000, 0x07480000, 0x078c0000)
 tenured generation   total 87424K, used 52652K [0x0f8a0000, 0x14e00000, 0x24e00000)
   the space 87424K,  60% used [0x0f8a0000, 0x12c0b150, 0x12c0b200, 0x14e00000)
 Metaspace       used 19345K, capacity 19821K, committed 19840K, reserved 19840K
Event: 4449.252 GC heap after
Heap after GC invocations=454 (full 1):
 def new generation   total 39424K, used 65K [0x04e00000, 0x078c0000, 0x0f8a0000)
  eden space 35072K,   0% used [0x04e00000, 0x04e00000, 0x07040000)
  from space 4352K,   1% used [0x07480000, 0x07490418, 0x078c0000)
  to   space 4352K,   0% used [0x07040000, 0x07040000, 0x07480000)
 tenured generation   total 87424K, used 52657K [0x0f8a0000, 0x14e00000, 0x24e00000)
   the space 87424K,  60% used [0x0f8a0000, 0x12c0c658, 0x12c0c800, 0x14e00000)
 Metaspace       used 19345K, capacity 19821K, committed 19840K, reserved 19840K
}
Event: 4452.809 GC heap before
{Heap before GC invocations=454 (full 1):
 def new generation   total 39424K, used 35137K [0x04e00000, 0x078c0000, 0x0f8a0000)
  eden space 35072K, 100% used [0x04e00000, 0x07040000, 0x07040000)
  from space 4352K,   1% used [0x07480000, 0x07490418, 0x078c0000)
  to   space 4352K,   0% used [0x07040000, 0x07040000, 0x07480000)
 tenured generation   total 87424K, used 52657K [0x0f8a0000, 0x14e00000, 0x24e00000)
   the space 87424K,  60% used [0x0f8a0000, 0x12c0c658, 0x12c0c800, 0x14e00000)
 Metaspace       used 19345K, capacity 19821K, committed 19840K, reserved 19840K
Event: 4452.811 GC heap after
Heap after GC invocations=455 (full 1):
 def new generation   total 39424K, used 55K [0x04e00000, 0x078c0000, 0x0f8a0000)
  eden space 35072K,   0% used [0x04e00000, 0x04e00000, 0x07040000)
  from space 4352K,   1% used [0x07040000, 0x0704df90, 0x07480000)
  to   space 4352K,   0% used [0x07480000, 0x07480000, 0x078c0000)
 tenured generation   total 87424K, used 52669K [0x0f8a0000, 0x14e00000, 0x24e00000)
   the space 87424K,  60% used [0x0f8a0000, 0x12c0f748, 0x12c0f800, 0x14e00000)
 Metaspace       used 19345K, capacity 19821K, committed 19840K, reserved 19840K
}
Event: 4456.430 GC heap before
{Heap before GC invocations=455 (full 1):
 def new generation   total 39424K, used 35127K [0x04e00000, 0x078c0000, 0x0f8a0000)
  eden space 35072K, 100% used [0x04e00000, 0x07040000, 0x07040000)
  from space 4352K,   1% used [0x07040000, 0x0704df90, 0x07480000)
  to   space 4352K,   0% used [0x07480000, 0x07480000, 0x078c0000)
 tenured generation   total 87424K, used 52669K [0x0f8a0000, 0x14e00000, 0x24e00000)
   the space 87424K,  60% used [0x0f8a0000, 0x12c0f748, 0x12c0f800, 0x14e00000)
 Metaspace       used 19345K, capacity 19821K, committed 19840K, reserved 19840K
Event: 4456.431 GC heap after
Heap after GC invocations=456 (full 1):
 def new generation   total 39424K, used 56K [0x04e00000, 0x078c0000, 0x0f8a0000)
  eden space 35072K,   0% used [0x04e00000, 0x04e00000, 0x07040000)
  from space 4352K,   1% used [0x07480000, 0x0748e2c0, 0x078c0000)
  to   space 4352K,   0% used [0x07040000, 0x07040000, 0x07480000)
 tenured generation   total 87424K, used 52670K [0x0f8a0000, 0x14e00000, 0x24e00000)
   the space 87424K,  60% used [0x0f8a0000, 0x12c0fb10, 0x12c0fc00, 0x14e00000)
 Metaspace       used 19345K, capacity 19821K, committed 19840K, reserved 19840K
}
Event: 4460.293 GC heap before
{Heap before GC invocations=456 (full 1):
 def new generation   total 39424K, used 35128K [0x04e00000, 0x078c0000, 0x0f8a0000)
  eden space 35072K, 100% used [0x04e00000, 0x07040000, 0x07040000)
  from space 4352K,   1% used [0x07480000, 0x0748e2c0, 0x078c0000)
  to   space 4352K,   0% used [0x07040000, 0x07040000, 0x07480000)
 tenured generation   total 87424K, used 52670K [0x0f8a0000, 0x14e00000, 0x24e00000)
   the space 87424K,  60% used [0x0f8a0000, 0x12c0fb10, 0x12c0fc00, 0x14e00000)
 Metaspace       used 19345K, capacity 19821K, committed 19840K, reserved 19840K
Event: 4460.294 GC heap after
Heap after GC invocations=457 (full 1):
 def new generation   total 39424K, used 59K [0x04e00000, 0x078c0000, 0x0f8a0000)
  eden space 35072K,   0% used [0x04e00000, 0x04e00000, 0x07040000)
  from space 4352K,   1% used [0x07040000, 0x0704eec0, 0x07480000)
  to   space 4352K,   0% used [0x07480000, 0x07480000, 0x078c0000)
 tenured generation   total 87424K, used 52673K [0x0f8a0000, 0x14e00000, 0x24e00000)
   the space 87424K,  60% used [0x0f8a0000, 0x12c107a0, 0x12c10800, 0x14e00000)
 Metaspace       used 19345K, capacity 19821K, committed 19840K, reserved 19840K
}

Deoptimization events (0 events):
No events

Internal exceptions (10 events):
Event: 3117.621 Thread 0x28573400 Exception <a 'sun/nio/fs/WindowsException'> (0x06a67f08) thrown at [C:\re\workspace\8-2-build-windows-i586-cygwin\jdk8u111\7883\hotspot\src\share\vm\prims\jni.cpp, line 709]
Event: 3117.621 Thread 0x28573400 Exception <a 'sun/nio/fs/WindowsException'> (0x06a68528) thrown at [C:\re\workspace\8-2-build-windows-i586-cygwin\jdk8u111\7883\hotspot\src\share\vm\prims\jni.cpp, line 709]
Event: 3117.622 Thread 0x28573400 Exception <a 'sun/nio/fs/WindowsException'> (0x06a6e0f0) thrown at [C:\re\workspace\8-2-build-windows-i586-cygwin\jdk8u111\7883\hotspot\src\share\vm\prims\jni.cpp, line 709]
Event: 3117.622 Thread 0x28573400 Exception <a 'sun/nio/fs/WindowsException'> (0x06a6e6e8) thrown at [C:\re\workspace\8-2-build-windows-i586-cygwin\jdk8u111\7883\hotspot\src\share\vm\prims\jni.cpp, line 709]
Event: 3117.623 Thread 0x28573400 Exception <a 'sun/nio/fs/WindowsException'> (0x06a7cc68) thrown at [C:\re\workspace\8-2-build-windows-i586-cygwin\jdk8u111\7883\hotspot\src\share\vm\prims\jni.cpp, line 709]
Event: 3117.623 Thread 0x28573400 Exception <a 'sun/nio/fs/WindowsException'> (0x06a7d2d8) thrown at [C:\re\workspace\8-2-build-windows-i586-cygwin\jdk8u111\7883\hotspot\src\share\vm\prims\jni.cpp, line 709]
Event: 3117.624 Thread 0x28573400 Exception <a 'sun/nio/fs/WindowsException'> (0x06a83488) thrown at [C:\re\workspace\8-2-build-windows-i586-cygwin\jdk8u111\7883\hotspot\src\share\vm\prims\jni.cpp, line 709]
Event: 3117.624 Thread 0x28573400 Exception <a 'sun/nio/fs/WindowsException'> (0x06a83a80) thrown at [C:\re\workspace\8-2-build-windows-i586-cygwin\jdk8u111\7883\hotspot\src\share\vm\prims\jni.cpp, line 709]
Event: 3117.625 Thread 0x28573400 Exception <a 'sun/nio/fs/WindowsException'> (0x06a919d8) thrown at [C:\re\workspace\8-2-build-windows-i586-cygwin\jdk8u111\7883\hotspot\src\share\vm\prims\jni.cpp, line 709]
Event: 3117.625 Thread 0x28573400 Exception <a 'sun/nio/fs/WindowsException'> (0x06a92008) thrown at [C:\re\workspace\8-2-build-windows-i586-cygwin\jdk8u111\7883\hotspot\src\share\vm\prims\jni.cpp, line 709]

Events (10 events):
Event: 4458.291 Thread 0x2570c800 flushing nmethod 0x02cfbc88
Event: 4458.291 Thread 0x2570c800 flushing nmethod 0x02d08b48
Event: 4460.292 Executing VM operation: GenCollectForAllocation
Event: 4460.294 Executing VM operation: GenCollectForAllocation done
Event: 7898.570 Executing VM operation: RevokeBias
Event: 7898.570 Executing VM operation: RevokeBias done
Event: 7898.748 Executing VM operation: RevokeBias
Event: 7898.748 Executing VM operation: RevokeBias done
Event: 7899.012 Executing VM operation: RevokeBias
Event: 7899.012 Executing VM operation: RevokeBias done


Dynamic libraries:
0x00f60000 - 0x00f93000 	C:\Program Files (x86)\Arduino\java\bin\javaw.exe
0x77830000 - 0x779b3000 	C:\WINDOWS\SYSTEM32\ntdll.dll
0x746d0000 - 0x747b0000 	C:\WINDOWS\System32\KERNEL32.DLL
0x75560000 - 0x75701000 	C:\WINDOWS\System32\KERNELBASE.dll
0x75d20000 - 0x75d97000 	C:\WINDOWS\System32\ADVAPI32.dll
0x76250000 - 0x7630e000 	C:\WINDOWS\System32\msvcrt.dll
0x74d70000 - 0x74db1000 	C:\WINDOWS\System32\sechost.dll
0x760e0000 - 0x761a1000 	C:\WINDOWS\System32\RPCRT4.dll
0x742f0000 - 0x7430e000 	C:\WINDOWS\System32\SspiCli.dll
0x742e0000 - 0x742ea000 	C:\WINDOWS\System32\CRYPTBASE.dll
0x74590000 - 0x745ea000 	C:\WINDOWS\System32\bcryptPrimitives.dll
0x74340000 - 0x7449f000 	C:\WINDOWS\System32\USER32.dll
0x75d00000 - 0x75d15000 	C:\WINDOWS\System32\win32u.dll
0x74310000 - 0x7433b000 	C:\WINDOWS\System32\GDI32.dll
0x748a0000 - 0x749fb000 	C:\WINDOWS\System32\gdi32full.dll
0x6dcb0000 - 0x6deba000 	C:\WINDOWS\WinSxS\x86_microsoft.windows.common-controls_6595b64144ccf1df_6.0.14393.953_none_89c2555adb023171\COMCTL32.dll
0x74a00000 - 0x74c11000 	C:\WINDOWS\System32\combase.dll
0x747c0000 - 0x748a0000 	C:\WINDOWS\System32\ucrtbase.dll
0x74650000 - 0x74675000 	C:\WINDOWS\System32\IMM32.DLL
0x62b60000 - 0x62c1f000 	C:\Program Files (x86)\Arduino\java\bin\msvcr100.dll
0x5f4a0000 - 0x5f86d000 	C:\Program Files (x86)\Arduino\java\bin\client\jvm.dll
0x747b0000 - 0x747b6000 	C:\WINDOWS\System32\PSAPI.DLL
0x732e0000 - 0x732e8000 	C:\WINDOWS\SYSTEM32\WSOCK32.dll
0x72300000 - 0x72324000 	C:\WINDOWS\SYSTEM32\WINMM.dll
0x742d0000 - 0x742d8000 	C:\WINDOWS\SYSTEM32\VERSION.dll
0x74c20000 - 0x74c83000 	C:\WINDOWS\System32\WS2_32.dll
0x00fd0000 - 0x00ff3000 	C:\WINDOWS\SYSTEM32\WINMMBASE.dll
0x74d30000 - 0x74d66000 	C:\WINDOWS\System32\cfgmgr32.dll
0x62b20000 - 0x62b51000 	C:\Program Files (x86)\Arduino\java\bin\splashscreen.dll
0x74070000 - 0x740e5000 	C:\WINDOWS\system32\uxtheme.dll
0x6d5f0000 - 0x6d5fc000 	C:\Program Files (x86)\Arduino\java\bin\verify.dll
0x74dc0000 - 0x74ef5000 	C:\WINDOWS\System32\MSCTF.dll
0x763b0000 - 0x76444000 	C:\WINDOWS\System32\OLEAUT32.dll
0x74f00000 - 0x74f7b000 	C:\WINDOWS\System32\msvcp_win.dll
0x62af0000 - 0x62b11000 	C:\Program Files (x86)\Arduino\java\bin\java.dll
0x62ad0000 - 0x62ae3000 	C:\Program Files (x86)\Arduino\java\bin\zip.dll
0x74c90000 - 0x74c9d000 	C:\WINDOWS\System32\kernel.appcore.dll
0x76450000 - 0x77828000 	C:\WINDOWS\System32\SHELL32.dll
0x75760000 - 0x75cce000 	C:\WINDOWS\System32\windows.storage.dll
0x74680000 - 0x746c5000 	C:\WINDOWS\System32\powrprof.dll
0x75e90000 - 0x75ed6000 	C:\WINDOWS\System32\shlwapi.dll
0x74ca0000 - 0x74d28000 	C:\WINDOWS\System32\shcore.dll
0x760d0000 - 0x760df000 	C:\WINDOWS\System32\profapi.dll
0x61940000 - 0x619b2000 	C:\Program Files (x86)\Arduino\lib\listSerialsj.dll
0x74fe0000 - 0x753eb000 	C:\WINDOWS\System32\SETUPAPI.dll
0x71d10000 - 0x71d23000 	C:\WINDOWS\SYSTEM32\CRYPTSP.dll
0x71ce0000 - 0x71d0f000 	C:\WINDOWS\system32\rsaenh.dll
0x74240000 - 0x7425b000 	C:\WINDOWS\SYSTEM32\bcrypt.dll
0x732f0000 - 0x7330a000 	C:\WINDOWS\SYSTEM32\USERENV.dll
0x62ab0000 - 0x62ac6000 	C:\Program Files (x86)\Arduino\java\bin\net.dll
0x73120000 - 0x7316e000 	C:\WINDOWS\system32\mswsock.dll
0x731d0000 - 0x731ff000 	C:\WINDOWS\SYSTEM32\IPHLPAPI.DLL
0x75ee0000 - 0x75ee7000 	C:\WINDOWS\System32\NSI.dll
0x722d0000 - 0x722e3000 	C:\WINDOWS\SYSTEM32\dhcpcsvc6.DLL
0x73200000 - 0x73214000 	C:\WINDOWS\SYSTEM32\dhcpcsvc.DLL
0x6c4c0000 - 0x6c4cf000 	C:\Program Files (x86)\Arduino\java\bin\nio.dll
0x62a90000 - 0x62aad000 	C:\Users\Buh\AppData\Local\Temp\jna-67157\jna3344414776493645608.dll
0x75da0000 - 0x75e8b000 	C:\WINDOWS\System32\Ole32.dll
0x627a0000 - 0x628e6000 	C:\Program Files (x86)\Arduino\java\bin\awt.dll
0x6d8b0000 - 0x6d942000 	C:\WINDOWS\SYSTEM32\apphelp.dll
0x6bd00000 - 0x6bd1f000 	C:\WINDOWS\system32\dwmapi.dll
0x62a50000 - 0x62a89000 	C:\Program Files (x86)\Arduino\java\bin\fontmanager.dll
0x62a10000 - 0x62a42000 	C:\Program Files (x86)\Arduino\java\bin\t2k.dll
0x730a0000 - 0x7311d000 	C:\WINDOWS\SYSTEM32\DNSAPI.dll
0x73010000 - 0x73018000 	C:\Windows\System32\rasadhlp.dll
0x62730000 - 0x62799000 	C:\Program Files (x86)\Arduino\msvcp100.dll
0x62180000 - 0x6223e000 	C:\Program Files (x86)\Arduino\msvcr100.dll
0x29150000 - 0x29182000 	C:\Program Files (x86)\Arduino\lib\AStylej.dll
0x62700000 - 0x62724000 	C:\Program Files (x86)\Arduino\java\bin\dcpr.dll
0x76310000 - 0x76394000 	C:\WINDOWS\System32\clbcatq.dll
0x6b420000 - 0x6b58e000 	C:\WINDOWS\SYSTEM32\WindowsCodecs.dll
0x69d00000 - 0x69d44000 	C:\WINDOWS\system32\dataexchange.dll
0x68810000 - 0x68a40000 	C:\WINDOWS\system32\d3d11.dll
0x686f0000 - 0x68803000 	C:\WINDOWS\system32\dcomp.dll
0x68660000 - 0x686e3000 	C:\WINDOWS\system32\dxgi.dll
0x69770000 - 0x69861000 	C:\WINDOWS\system32\twinapi.appcore.dll
0x73020000 - 0x73069000 	C:\WINDOWS\System32\fwpuclnt.dll
0x74210000 - 0x74232000 	C:\WINDOWS\SYSTEM32\DEVOBJ.dll
0x75710000 - 0x75754000 	C:\WINDOWS\System32\WINTRUST.dll
0x75cd0000 - 0x75cde000 	C:\WINDOWS\System32\MSASN1.dll
0x75ef0000 - 0x7606d000 	C:\WINDOWS\System32\CRYPT32.dll
0x64000000 - 0x6401b000 	C:\Users\Buh\.jssc\windows\jSSC-2.8_x86.dll
0x6b6a0000 - 0x6b7e5000 	C:\WINDOWS\SYSTEM32\dbghelp.dll

VM Arguments:
jvm_args: -Dsun.java2d.d3d=false -Djna.nosys=true -DAPP_DIR=C:\Program Files (x86)\Arduino -Xms128M -Xmx512M 
java_command: processing.app.Base D:\Arduino\ArduinoTank\L298N_TankWithJoy\L298N_TankWithJoy.ino
java_class_path (initial): C:\Program Files (x86)\Arduino\lib\apple.jar;C:\Program Files (x86)\Arduino\lib\arduino-core.jar;C:\Program Files (x86)\Arduino\lib\batik-1.8.jar;C:\Program Files (x86)\Arduino\lib\batik-anim-1.8.jar;C:\Program Files (x86)\Arduino\lib\batik-awt-util-1.8.jar;C:\Program Files (x86)\Arduino\lib\batik-bridge-1.8.jar;C:\Program Files (x86)\Arduino\lib\batik-codec-1.8.jar;C:\Program Files (x86)\Arduino\lib\batik-css-1.8.jar;C:\Program Files (x86)\Arduino\lib\batik-dom-1.8.jar;C:\Program Files (x86)\Arduino\lib\batik-ext-1.8.jar;C:\Program Files (x86)\Arduino\lib\batik-gvt-1.8.jar;C:\Program Files (x86)\Arduino\lib\batik-parser-1.8.jar;C:\Program Files (x86)\Arduino\lib\batik-rasterizer-1.8.jar;C:\Program Files (x86)\Arduino\lib\batik-script-1.8.jar;C:\Program Files (x86)\Arduino\lib\batik-squiggle-1.8.jar;C:\Program Files (x86)\Arduino\lib\batik-svg-dom-1.8.jar;C:\Program Files (x86)\Arduino\lib\batik-svgpp-1.8.jar;C:\Program Files (x86)\Arduino\lib\batik-transcoder-1.8.jar;C:\Program Files (x86)\Arduino\lib\batik-util-1.8.jar;C:\Program Files (x86)\Arduino\lib\batik-xml-1.8.jar;C:\Program Files (x86)\Arduino\lib\bcpg-jdk15on-152.jar;C:\Program Files (x86)\Arduino\lib\bcprov-jdk15on-152.jar;C:\Program Files (x86)\Arduino\lib\commons-codec-1.7.jar;C:\Program Files (x86)\Arduino\lib\commons-compress-1.8.jar;C:\Program Files (x86)\Arduino\lib\commons-exec-1.1.jar;C:\Program Files (x86)\Arduino\lib\commons-httpclient-3.1.jar;C:\Program Files (x86)\Arduino\lib\commons-lang3-3.3.2.jar;C:\Program Files (x86)\Arduino\lib\commons-logging-1.0.4.jar;C:\Program Files (x86)\Arduino\lib\commons-net-3.3.jar;C:\Program Files (x86)\Arduino\lib\jackson-annotations-2.6.3.jar;C:\Program Files (x86)\Arduino\lib\jackson-core-2.6.3.jar;C:\Program Files (x86)\Arduino\lib\jackson-databind-2.6.3.jar;C:\Program Files (x86)\Arduino\lib\jackson-module-mrbean-2.6.3.jar;C:\Program Files (x86)\Arduino\lib\java-semver-0.8.0.jar;C:\Program Files (x86)\Arduino\lib\jmdns-3.4.1.j
Launcher Type: SUN_STANDARD

Environment Variables:
PATH=C:\ProgramData\Oracle\Java\javapath;C:\WINDOWS\system32;C:\WINDOWS;C:\WINDOWS\System32\Wbem;C:\WINDOWS\System32\WindowsPowerShell\v1.0\;C:\Program Files\MATLAB\R2016b\runtime\win64;C:\Program Files\MATLAB\R2016b\bin;C:\Program Files\MATLAB\R2016b\polyspace\bin;C:\Program Files\SourceGear\Common\DiffMerge\;C:\TDM-GCC-64\bin;C:\Program Files (x86)\Skype\Phone\;C:\Program Files\Microsoft SQL Server\130\Tools\Binn\;C:\Program Files\dotnet\;C:\Users\Buh\AppData\Local\Microsoft\WindowsApps;;C:\Program Files (x86)\Arduino\java\bin
USERNAME=Buh
OS=Windows_NT
PROCESSOR_IDENTIFIER=Intel64 Family 6 Model 42 Stepping 7, GenuineIntel



---------------  S Y S T E M  ---------------

OS: Windows 10.0 , 64 bit Build 14393 (10.0.14393.0)

CPU:total 8 (4 cores per cpu, 2 threads per core) family 6 model 42 stepping 7, cmov, cx8, fxsr, mmx, sse, sse2, sse3, ssse3, sse4.1, sse4.2, popcnt, avx, aes, clmul, ht, tsc, tscinvbit

Memory: 4k page, physical 8293548k(1983456k free), swap 13908568k(2108684k free)

vm_info: Java HotSpot(TM) Client VM (25.111-b14) for windows-x86 JRE (1.8.0_111-b14), built on Sep 22 2016 18:54:33 by "java_re" with MS VC++ 10.0 (VS2010)

time: Tue Apr 25 00:07:42 2017
elapsed time: 7902 seconds (0d 2h 11m 42s)

